#
# There is insufficient memory for the Java Runtime Environment to continue.
# Native memory allocation (malloc) failed to allocate 43616 bytes for Chunk::new
# Possible reasons:
#   The system is out of physical RAM or swap space
#   In 32 bit mode, the process size limit was hit
# Possible solutions:
#   Reduce memory load on the system
#   Increase physical memory or swap space
#   Check if swap backing store is full
#   Use 64 bit Java on a 64 bit OS
#   Decrease Java heap size (-Xmx/-Xms)
#   Decrease number of Java threads
#   Decrease Java thread stack sizes (-Xss)
#   Set larger code cache with -XX:ReservedCodeCacheSize=
# This output file may be truncated or incomplete.
#
#  Out of Memory Error (allocation.cpp:390), pid=2896, tid=7036
#
# JRE version: Java(TM) SE Runtime Environment (8.0_77-b03) (build 1.8.0_77-b03)
# Java VM: Java HotSpot(TM) 64-Bit Server VM (25.77-b03 mixed mode windows-amd64 compressed oops)
# Failed to write core dump. Minidumps are not enabled by default on client versions of Windows
#

---------------  T H R E A D  ---------------

Current thread (0x0000000014cd9000):  JavaThread "C2 CompilerThread1" daemon [_thread_in_native, id=7036, stack(0x0000000016400000,0x0000000016500000)]

Stack: [0x0000000016400000,0x0000000016500000]
[error occurred during error reporting (printing stack bounds), id 0xc0000005]

Native frames: (J=compiled Java code, j=interpreted, Vv=VM code, C=native code)


Current CompileTask:
C2:   1335  574       4       java.lang.String::replace (127 bytes)


---------------  P R O C E S S  ---------------

Java Threads: ( => current thread )
  0x0000000016e3a000 JavaThread "Abandoned connection cleanup thread" daemon [_thread_blocked, id=5584, stack(0x0000000018d00000,0x0000000018e00000)]
  0x00000000025a0800 JavaThread "DestroyJavaVM" [_thread_blocked, id=3544, stack(0x0000000002460000,0x0000000002560000)]
  0x00000000169c3800 JavaThread "AWT-EventQueue-0" [_thread_in_vm, id=6504, stack(0x0000000017910000,0x0000000017a10000)]
  0x00000000169c2000 JavaThread "AWT-Windows" daemon [_thread_in_native, id=5944, stack(0x00000000176f0000,0x00000000177f0000)]
  0x0000000016997000 JavaThread "AWT-Shutdown" [_thread_blocked, id=7416, stack(0x00000000175f0000,0x00000000176f0000)]
  0x0000000016d33000 JavaThread "Java2D Disposer" daemon [_thread_blocked, id=5072, stack(0x00000000174f0000,0x00000000175f0000)]
  0x0000000016625000 JavaThread "Service Thread" daemon [_thread_blocked, id=6048, stack(0x0000000016a00000,0x0000000016b00000)]
  0x0000000014ce0800 JavaThread "C1 CompilerThread2" daemon [_thread_blocked, id=8068, stack(0x0000000016500000,0x0000000016600000)]
=>0x0000000014cd9000 JavaThread "C2 CompilerThread1" daemon [_thread_in_native, id=7036, stack(0x0000000016400000,0x0000000016500000)]
  0x0000000014ccc000 JavaThread "C2 CompilerThread0" daemon [_thread_blocked, id=8008, stack(0x0000000016300000,0x0000000016400000)]
  0x0000000014cca800 JavaThread "Attach Listener" daemon [_thread_blocked, id=6560, stack(0x0000000016200000,0x0000000016300000)]
  0x0000000014cc9000 JavaThread "Signal Dispatcher" daemon [_thread_blocked, id=1028, stack(0x0000000016100000,0x0000000016200000)]
  0x0000000014cba000 JavaThread "Finalizer" daemon [_thread_blocked, id=4824, stack(0x0000000015f20000,0x0000000016020000)]
  0x0000000014c99000 JavaThread "Reference Handler" daemon [_thread_blocked, id=7704, stack(0x0000000015e20000,0x0000000015f20000)]

Other Threads:
  0x0000000014c97800 VMThread [stack: 0x0000000015d20000,0x0000000015e20000] [id=4400]
  0x0000000016652000 WatcherThread [stack: 0x0000000016b00000,0x0000000016c00000] [id=3724]

VM state:not at safepoint (normal execution)

VM Mutex/Monitor currently owned by a thread: None

Heap:
 PSYoungGen      total 18944K, used 1966K [0x00000000eb500000, 0x00000000eca00000, 0x0000000100000000)
  eden space 16384K, 12% used [0x00000000eb500000,0x00000000eb6eb9d8,0x00000000ec500000)
  from space 2560K, 0% used [0x00000000ec780000,0x00000000ec780000,0x00000000eca00000)
  to   space 2560K, 0% used [0x00000000ec500000,0x00000000ec500000,0x00000000ec780000)
 ParOldGen       total 31744K, used 2216K [0x00000000c1e00000, 0x00000000c3d00000, 0x00000000eb500000)
  object space 31744K, 6% used [0x00000000c1e00000,0x00000000c202a2f0,0x00000000c3d00000)
 Metaspace       used 11822K, capacity 11996K, committed 12160K, reserved 1062912K
  class space    used 1474K, capacity 1544K, committed 1664K, reserved 1048576K

Card table byte_map: [0x0000000011ad0000,0x0000000011cd0000] byte_map_base: 0x00000000114c1000

Marking Bits: (ParMarkBitMap*) 0x00000000605a0600
 Begin Bits: [0x0000000012220000, 0x00000000131a8000)
 End Bits:   [0x00000000131a8000, 0x0000000014130000)

Polling page: 0x0000000002570000

CodeCache: size=245760Kb used=2315Kb max_used=2315Kb free=243444Kb
 bounds [0x0000000002710000, 0x0000000002980000, 0x0000000011710000]
 total_blobs=1075 nmethods=592 adapters=396
 compilation: enabled

Compilation events (10 events):
Event: 1.277 Thread 0x0000000014ce0800  581       3       java.util.zip.ZipFile::ensureOpen (37 bytes)
Event: 1.278 Thread 0x0000000014ce0800 nmethod 581 0x000000000294d9d0 code [0x000000000294db60, 0x000000000294deb8]
Event: 1.278 Thread 0x0000000014ce0800  582       3       java.util.BitSet::get (69 bytes)
Event: 1.279 Thread 0x0000000014ce0800 nmethod 582 0x000000000294dfd0 code [0x000000000294e1e0, 0x000000000294eba8]
Event: 1.279 Thread 0x0000000014ce0800  584       3       java.nio.DirectLongBufferU::put (18 bytes)
Event: 1.279 Thread 0x0000000014ce0800 nmethod 584 0x000000000294f050 code [0x000000000294f1c0, 0x000000000294f430]
Event: 1.279 Thread 0x0000000014ce0800  585       3       java.nio.DirectLongBufferU::get (16 bytes)
Event: 1.279 Thread 0x0000000014ce0800 nmethod 585 0x000000000294f550 code [0x000000000294f6c0, 0x000000000294f930]
Event: 1.280 Thread 0x0000000014ce0800  586       1       java.security.CodeSource::getLocation (5 bytes)
Event: 1.280 Thread 0x0000000014ce0800 nmethod 586 0x000000000294fa50 code [0x000000000294fba0, 0x000000000294fcb0]

GC Heap History (8 events):
Event: 0.525 GC heap before
{Heap before GC invocations=1 (full 0):
 PSYoungGen      total 18944K, used 3933K [0x00000000eb500000, 0x00000000eca00000, 0x0000000100000000)
  eden space 16384K, 24% used [0x00000000eb500000,0x00000000eb8d77e8,0x00000000ec500000)
  from space 2560K, 0% used [0x00000000ec780000,0x00000000ec780000,0x00000000eca00000)
  to   space 2560K, 0% used [0x00000000ec500000,0x00000000ec500000,0x00000000ec780000)
 ParOldGen       total 44032K, used 0K [0x00000000c1e00000, 0x00000000c4900000, 0x00000000eb500000)
  object space 44032K, 0% used [0x00000000c1e00000,0x00000000c1e00000,0x00000000c4900000)
 Metaspace       used 7475K, capacity 7640K, committed 7680K, reserved 1060864K
  class space    used 906K, capacity 994K, committed 1024K, reserved 1048576K
Event: 0.529 GC heap after
Heap after GC invocations=1 (full 0):
 PSYoungGen      total 18944K, used 1120K [0x00000000eb500000, 0x00000000eca00000, 0x0000000100000000)
  eden space 16384K, 0% used [0x00000000eb500000,0x00000000eb500000,0x00000000ec500000)
  from space 2560K, 43% used [0x00000000ec500000,0x00000000ec618020,0x00000000ec780000)
  to   space 2560K, 0% used [0x00000000ec780000,0x00000000ec780000,0x00000000eca00000)
 ParOldGen       total 44032K, used 8K [0x00000000c1e00000, 0x00000000c4900000, 0x00000000eb500000)
  object space 44032K, 0% used [0x00000000c1e00000,0x00000000c1e02000,0x00000000c4900000)
 Metaspace       used 7475K, capacity 7640K, committed 7680K, reserved 1060864K
  class space    used 906K, capacity 994K, committed 1024K, reserved 1048576K
}
Event: 0.529 GC heap before
{Heap before GC invocations=2 (full 1):
 PSYoungGen      total 18944K, used 1120K [0x00000000eb500000, 0x00000000eca00000, 0x0000000100000000)
  eden space 16384K, 0% used [0x00000000eb500000,0x00000000eb500000,0x00000000ec500000)
  from space 2560K, 43% used [0x00000000ec500000,0x00000000ec618020,0x00000000ec780000)
  to   space 2560K, 0% used [0x00000000ec780000,0x00000000ec780000,0x00000000eca00000)
 ParOldGen       total 44032K, used 8K [0x00000000c1e00000, 0x00000000c4900000, 0x00000000eb500000)
  object space 44032K, 0% used [0x00000000c1e00000,0x00000000c1e02000,0x00000000c4900000)
 Metaspace       used 7475K, capacity 7640K, committed 7680K, reserved 1060864K
  class space    used 906K, capacity 994K, committed 1024K, reserved 1048576K
Event: 0.546 GC heap after
Heap after GC invocations=2 (full 1):
 PSYoungGen      total 18944K, used 0K [0x00000000eb500000, 0x00000000eca00000, 0x0000000100000000)
  eden space 16384K, 0% used [0x00000000eb500000,0x00000000eb500000,0x00000000ec500000)
  from space 2560K, 0% used [0x00000000ec500000,0x00000000ec500000,0x00000000ec780000)
  to   space 2560K, 0% used [0x00000000ec780000,0x00000000ec780000,0x00000000eca00000)
 ParOldGen       total 31744K, used 1052K [0x00000000c1e00000, 0x00000000c3d00000, 0x00000000eb500000)
  object space 31744K, 3% used [0x00000000c1e00000,0x00000000c1f071c8,0x00000000c3d00000)
 Metaspace       used 7475K, capacity 7640K, committed 7680K, reserved 1058816K
  class space    used 906K, capacity 994K, committed 1024K, reserved 1048576K
}
Event: 1.197 GC heap before
{Heap before GC invocations=3 (full 1):
 PSYoungGen      total 18944K, used 3809K [0x00000000eb500000, 0x00000000eca00000, 0x0000000100000000)
  eden space 16384K, 23% used [0x00000000eb500000,0x00000000eb8b86a0,0x00000000ec500000)
  from space 2560K, 0% used [0x00000000ec500000,0x00000000ec500000,0x00000000ec780000)
  to   space 2560K, 0% used [0x00000000ec780000,0x00000000ec780000,0x00000000eca00000)
 ParOldGen       total 31744K, used 1052K [0x00000000c1e00000, 0x00000000c3d00000, 0x00000000eb500000)
  object space 31744K, 3% used [0x00000000c1e00000,0x00000000c1f071c8,0x00000000c3d00000)
 Metaspace       used 11234K, capacity 11420K, committed 11520K, reserved 1064960K
  class space    used 1408K, capacity 1480K, committed 1536K, reserved 1048576K
Event: 1.200 GC heap after
Heap after GC invocations=3 (full 1):
 PSYoungGen      total 18944K, used 1257K [0x00000000eb500000, 0x00000000eca00000, 0x0000000100000000)
  eden space 16384K, 0% used [0x00000000eb500000,0x00000000eb500000,0x00000000ec500000)
  from space 2560K, 49% used [0x00000000ec780000,0x00000000ec8ba688,0x00000000eca00000)
  to   space 2560K, 0% used [0x00000000ec500000,0x00000000ec500000,0x00000000ec780000)
 ParOldGen       total 31744K, used 1060K [0x00000000c1e00000, 0x00000000c3d00000, 0x00000000eb500000)
  object space 31744K, 3% used [0x00000000c1e00000,0x00000000c1f091c8,0x00000000c3d00000)
 Metaspace       used 11234K, capacity 11420K, committed 11520K, reserved 1064960K
  class space    used 1408K, capacity 1480K, committed 1536K, reserved 1048576K
}
Event: 1.200 GC heap before
{Heap before GC invocations=4 (full 2):
 PSYoungGen      total 18944K, used 1257K [0x00000000eb500000, 0x00000000eca00000, 0x0000000100000000)
  eden space 16384K, 0% used [0x00000000eb500000,0x00000000eb500000,0x00000000ec500000)
  from space 2560K, 49% used [0x00000000ec780000,0x00000000ec8ba688,0x00000000eca00000)
  to   space 2560K, 0% used [0x00000000ec500000,0x00000000ec500000,0x00000000ec780000)
 ParOldGen       total 31744K, used 1060K [0x00000000c1e00000, 0x00000000c3d00000, 0x00000000eb500000)
  object space 31744K, 3% used [0x00000000c1e00000,0x00000000c1f091c8,0x00000000c3d00000)
 Metaspace       used 11234K, capacity 11420K, committed 11520K, reserved 1064960K
  class space    used 1408K, capacity 1480K, committed 1536K, reserved 1048576K
Event: 1.236 GC heap after
Heap after GC invocations=4 (full 2):
 PSYoungGen      total 18944K, used 0K [0x00000000eb500000, 0x00000000eca00000, 0x0000000100000000)
  eden space 16384K, 0% used [0x00000000eb500000,0x00000000eb500000,0x00000000ec500000)
  from space 2560K, 0% used [0x00000000ec780000,0x00000000ec780000,0x00000000eca00000)
  to   space 2560K, 0% used [0x00000000ec500000,0x00000000ec500000,0x00000000ec780000)
 ParOldGen       total 31744K, used 2216K [0x00000000c1e00000, 0x00000000c3d00000, 0x00000000eb500000)
  object space 31744K, 6% used [0x00000000c1e00000,0x00000000c202a2f0,0x00000000c3d00000)
 Metaspace       used 11234K, capacity 11420K, committed 11520K, reserved 1062912K
  class space    used 1408K, capacity 1480K, committed 1536K, reserved 1048576K
}

Deoptimization events (5 events):
Event: 0.471 Thread 0x00000000169c3800 Uncommon trap: reason=null_check action=make_not_entrant pc=0x0000000002881cf8 method=java.lang.String.equals(Ljava/lang/Object;)Z @ 8
Event: 0.991 Thread 0x00000000169c3800 Uncommon trap: reason=class_check action=maybe_recompile pc=0x000000000289bf28 method=java.lang.String.equals(Ljava/lang/Object;)Z @ 8
Event: 0.999 Thread 0x00000000169c3800 Uncommon trap: reason=class_check action=maybe_recompile pc=0x000000000289bf28 method=java.lang.String.equals(Ljava/lang/Object;)Z @ 8
Event: 0.999 Thread 0x00000000169c3800 Uncommon trap: reason=class_check action=maybe_recompile pc=0x000000000289bf28 method=java.lang.String.equals(Ljava/lang/Object;)Z @ 8
Event: 1.005 Thread 0x00000000169c3800 Uncommon trap: reason=class_check action=maybe_recompile pc=0x000000000289bf28 method=java.lang.String.equals(Ljava/lang/Object;)Z @ 8

Internal exceptions (10 events):
Event: 0.223 Thread 0x00000000025a0800 Exception <a 'java/security/PrivilegedActionException'> (0x00000000eb5f6090) thrown at [D:\re\workspace\8-2-build-windows-amd64-cygwin\jdk8u77\6540\hotspot\src\share\vm\prims\jvm.cpp, line 1386]
Event: 0.224 Thread 0x00000000025a0800 Exception <a 'java/security/PrivilegedActionException'> (0x00000000eb5f9ed8) thrown at [D:\re\workspace\8-2-build-windows-amd64-cygwin\jdk8u77\6540\hotspot\src\share\vm\prims\jvm.cpp, line 1386]
Event: 0.224 Thread 0x00000000025a0800 Exception <a 'java/security/PrivilegedActionException'> (0x00000000eb5fa0e8) thrown at [D:\re\workspace\8-2-build-windows-amd64-cygwin\jdk8u77\6540\hotspot\src\share\vm\prims\jvm.cpp, line 1386]
Event: 0.230 Thread 0x00000000025a0800 Exception <a 'java/io/FileNotFoundException'> (0x00000000eb5fc310) thrown at [D:\re\workspace\8-2-build-windows-amd64-cygwin\jdk8u77\6540\hotspot\src\share\vm\prims\jni.cpp, line 709]
Event: 0.297 Thread 0x00000000025a0800 Exception <a 'java/lang/NoSuchFieldError': method resolution failed> (0x00000000eb6c99c8) thrown at [D:\re\workspace\8-2-build-windows-amd64-cygwin\jdk8u77\6540\hotspot\src\share\vm\prims\methodHandles.cpp, line 1146]
Event: 0.301 Thread 0x00000000025a0800 Exception <a 'java/lang/NoSuchFieldError': method resolution failed> (0x00000000eb6d6d98) thrown at [D:\re\workspace\8-2-build-windows-amd64-cygwin\jdk8u77\6540\hotspot\src\share\vm\prims\methodHandles.cpp, line 1146]
Event: 0.442 Thread 0x00000000169c3800 Exception <a 'java/io/FileNotFoundException'> (0x00000000eb7f07e0) thrown at [D:\re\workspace\8-2-build-windows-amd64-cygwin\jdk8u77\6540\hotspot\src\share\vm\prims\jni.cpp, line 709]
Event: 0.471 Thread 0x00000000169c3800 Implicit null exception at 0x0000000002881b22 to 0x0000000002881ce9
Event: 1.282 Thread 0x00000000169c3800 Exception <a 'java/lang/OutOfMemoryError': (class: com/mysql/jdbc/CharsetMapping, method: <clinit> signature: ()V) > (0x00000000eb6aece0) thrown at [D:\re\workspace\8-2-build-windows-amd64-cygwin\jdk8u77\6540\hotspot\src\share\vm\classfile\verifier.cpp, li÷.ºÆÅÙ?
Event: 1.282 Thread 0x00000000169c3800 Exception <a 'java/lang/reflect/InvocationTargetException'> (0x00000000eb6aeee8) thrown at [D:\re\workspace\8-2-build-windows-amd64-cygwin\jdk8u77\6540\hotspot\src\share\vm\runtime\reflection.cpp, line 1092]

Events (10 events):
Event: 1.275 loading class com/mysql/jdbc/PerConnectionLRUFactory done
Event: 1.276 loading class com/mysql/jdbc/StandardSocketFactory
Event: 1.276 loading class com/mysql/jdbc/StandardSocketFactory done
Event: 1.277 loading class com/mysql/jdbc/SocketFactory
Event: 1.277 loading class com/mysql/jdbc/SocketFactory done
Event: 1.277 loading class com/mysql/jdbc/SocketMetadata
Event: 1.277 loading class com/mysql/jdbc/SocketMetadata done
Event: 1.279 loading class com/mysql/jdbc/CharsetMapping
Event: 1.279 loading class com/mysql/jdbc/CharsetMapping done
Event: 1.282 loading class java/lang/ExceptionInInitializerError


Dynamic libraries:
0x00007ff6591c0000 - 0x00007ff6591f7000 	C:\Program Files\Java\jdk1.8.0_77\bin\java.exe
0x00007ffaca040000 - 0x00007ffaca1ed000 	C:\Windows\SYSTEM32\ntdll.dll
0x00007ffac7900000 - 0x00007ffac7a3e000 	C:\Windows\system32\KERNEL32.DLL
0x00007ffac7580000 - 0x00007ffac7695000 	C:\Windows\system32\KERNELBASE.dll
0x00007ffac5d10000 - 0x00007ffac5d9e000 	C:\Windows\system32\apphelp.dll
0x00007ffab8a10000 - 0x00007ffab8a63000 	C:\Windows\AppPatch\AppPatch64\AcGenral.DLL
0x00007ffac7be0000 - 0x00007ffac7c8a000 	C:\Windows\system32\msvcrt.dll
0x00007ffac76a0000 - 0x00007ffac76ce000 	C:\Windows\system32\SspiCli.dll
0x00007ffac7ee0000 - 0x00007ffac7f34000 	C:\Windows\system32\SHLWAPI.dll
0x00007ffac7780000 - 0x00007ffac78f7000 	C:\Windows\system32\USER32.dll
0x00007ffac7a40000 - 0x00007ffac7bd4000 	C:\Windows\system32\ole32.dll
0x00007ffac8250000 - 0x00007ffac9779000 	C:\Windows\system32\SHELL32.dll
0x00007ffac65f0000 - 0x00007ffac6611000 	C:\Windows\SYSTEM32\USERENV.dll
0x00007ffac9d40000 - 0x00007ffac9dea000 	C:\Windows\system32\ADVAPI32.dll
0x00007ffabd530000 - 0x00007ffabd54e000 	C:\Windows\SYSTEM32\MPR.dll
0x00007ffac9c00000 - 0x00007ffac9d40000 	C:\Windows\system32\RPCRT4.dll
0x00007ffac9e00000 - 0x00007ffac9e59000 	C:\Windows\SYSTEM32\sechost.dll
0x00007ffac8030000 - 0x00007ffac8241000 	C:\Windows\SYSTEM32\combase.dll
0x00007ffac9a90000 - 0x00007ffac9bdf000 	C:\Windows\system32\GDI32.dll
0x00007ffac7170000 - 0x00007ffac7185000 	C:\Windows\SYSTEM32\profapi.dll
0x00007ffac5730000 - 0x00007ffac57e2000 	C:\Windows\SYSTEM32\SHCORE.dll
0x00007ffac7740000 - 0x00007ffac7776000 	C:\Windows\system32\IMM32.DLL
0x00007ffac9930000 - 0x00007ffac9a82000 	C:\Windows\system32\MSCTF.dll
0x00007ffac50a0000 - 0x00007ffac531b000 	C:\Windows\WinSxS\amd64_microsoft.windows.common-controls_6595b64144ccf1df_6.0.9600.18006_none_623f33d3ecbe86e8\COMCTL32.dll
0x000000005fcb0000 - 0x000000005fd82000 	C:\Program Files\Java\jdk1.8.0_77\jre\bin\msvcr100.dll
0x000000005fd90000 - 0x0000000060620000 	C:\Program Files\Java\jdk1.8.0_77\jre\bin\server\jvm.dll
0x00007ffab7a70000 - 0x00007ffab7a79000 	C:\Windows\SYSTEM32\WSOCK32.dll
0x00007ffabf3a0000 - 0x00007ffabf3c2000 	C:\Windows\SYSTEM32\WINMM.dll
0x00007ffac05f0000 - 0x00007ffac05fa000 	C:\Windows\SYSTEM32\VERSION.dll
0x00007ffac8010000 - 0x00007ffac8017000 	C:\Windows\system32\PSAPI.DLL
0x00007ffac7e20000 - 0x00007ffac7e7a000 	C:\Windows\system32\WS2_32.dll
0x00007ffabf370000 - 0x00007ffabf39a000 	C:\Windows\SYSTEM32\WINMMBASE.dll
0x00007ffac9df0000 - 0x00007ffac9df9000 	C:\Windows\system32\NSI.dll
0x00007ffac7350000 - 0x00007ffac739f000 	C:\Windows\SYSTEM32\cfgmgr32.dll
0x00007ffac5f60000 - 0x00007ffac5f88000 	C:\Windows\SYSTEM32\DEVOBJ.dll
0x000000005fc60000 - 0x000000005fc6f000 	C:\Program Files\Java\jdk1.8.0_77\jre\bin\verify.dll
0x000000005fc30000 - 0x000000005fc59000 	C:\Program Files\Java\jdk1.8.0_77\jre\bin\java.dll
0x000000005fc10000 - 0x000000005fc26000 	C:\Program Files\Java\jdk1.8.0_77\jre\bin\zip.dll
0x000000005f4d0000 - 0x000000005f668000 	C:\Program Files\Java\jdk1.8.0_77\jre\bin\awt.dll
0x00007ffac7d50000 - 0x00007ffac7e11000 	C:\Windows\system32\OLEAUT32.dll
0x00007ffac5de0000 - 0x00007ffac5f09000 	C:\Windows\system32\uxtheme.dll
0x00007ffac54d0000 - 0x00007ffac54f1000 	C:\Windows\system32\dwmapi.dll
0x00007ffac5d00000 - 0x00007ffac5d0b000 	C:\Windows\SYSTEM32\kernel.appcore.dll
0x00007ffac6fe0000 - 0x00007ffac6feb000 	C:\Windows\SYSTEM32\CRYPTBASE.dll
0x00007ffac6f70000 - 0x00007ffac6fd3000 	C:\Windows\SYSTEM32\bcryptPrimitives.dll
0x000000005f480000 - 0x000000005f4c7000 	C:\Program Files\Java\jdk1.8.0_77\jre\bin\fontmanager.dll
0x00007ffac7c90000 - 0x00007ffac7d46000 	C:\Windows\SYSTEM32\clbcatq.dll
0x00007ffac31a0000 - 0x00007ffac334e000 	C:\Windows\SYSTEM32\WindowsCodecs.dll
0x00007ffac68c0000 - 0x00007ffac68e0000 	C:\Windows\SYSTEM32\CRYPTSP.dll
0x00007ffac64e0000 - 0x00007ffac6516000 	C:\Windows\system32\rsaenh.dll
0x00007ffac6c60000 - 0x00007ffac6c86000 	C:\Windows\SYSTEM32\bcrypt.dll
0x000000005fbf0000 - 0x000000005fc0a000 	C:\Program Files\Java\jdk1.8.0_77\jre\bin\net.dll
0x00007ffac6860000 - 0x00007ffac68b9000 	C:\Windows\system32\mswsock.dll
0x000000005fbd0000 - 0x000000005fbe1000 	C:\Program Files\Java\jdk1.8.0_77\jre\bin\nio.dll
0x000000005f430000 - 0x000000005f472000 	C:\Program Files\Java\jdk1.8.0_77\jre\bin\t2k.dll

VM Arguments:
jvm_args: -Dfile.encoding=UTF-8 
java_command: MainFrame.ManageSupplierReturns
java_class_path (initial): C:\Program Files\NetBeans 8.1\ide\modules\ext\mysql-connector-java-5.1.23-bin.jar;C:\Program Files\NetBeans 8.1\java\modules\ext\beansbinding-1.2.1.jar;C:\Program Files\NetBeans 8.1\java\modules\ext\AbsoluteLayout.jar;C:\Users\Dell\Documents\NetBeansProjects\Project\build\classes
Launcher Type: SUN_STANDARD

Environment Variables:
PATH=C:\ProgramData\Oracle\Java\javapath;C:\Windows\system32;C:\Windows;C:\Windows\System32\Wbem;C:\Windows\System32\WindowsPowerShell\v1.0\;C:\Program Files (x86)\Microsoft SQL Server\100\Tools\Binn\;C:\Program Files\Microsoft SQL Server\100\Tools\Binn\;C:\Program Files\Microsoft SQL Server\100\DTS\Binn\;C:/xampp/mysql;C:\net-snmp\bin;C:\Program Files\MySQL\MySQL Server 5.6\bin;C:\Program Files\Java\jdk1.8.0_77\bin
USERNAME=Dell
OS=Windows_NT
PROCESSOR_IDENTIFIER=Intel64 Family 6 Model 58 Stepping 9, GenuineIntel



---------------  S Y S T E M  ---------------

OS: Windows 8.1 , 64 bit Build 9600 (6.3.9600.17415)

CPU:total 4 (2 cores per cpu, 2 threads per core) family 6 model 58 stepping 9, cmov, cx8, fxsr, mmx, sse, sse2, sse3, ssse3, sse4.1, sse4.2, popcnt, avx, clmul, erms, ht, tsc, tscinvbit, tscinv

Memory: 4k page, physical 4066664k(866916k free), swap 7212392k(5008k free)

vm_info: Java HotSpot(TM) 64-Bit Server VM (25.77-b03) for windows-amd64 JRE (1.8.0_77-b03), built on Mar 20 2016 22:01:33 by "java_re" with MS VC++ 10.0 (VS2010)

time: Fri Aug 19 02:34:11 2016
elapsed time: 1 seconds (0d 0h 0m 1s)

